Android/app/build/outputs/logs/manifest-merger-debug-report.txt
-- Merging decision tree log ---
manifest
ADDED from src\main\AndroidManifest.xml:2:1-87:12
	xmlns:android
		ADDED from src\main\AndroidManifest.xml:2:11-69
	package
		ADDED from src\main\AndroidManifest.xml:3:11-47
		INJECTED from src\main\AndroidManifest.xml
		INJECTED from src\main\AndroidManifest.xml
	android:versionName
		INJECTED from src\main\AndroidManifest.xml
		INJECTED from src\main\AndroidManifest.xml
	android:versionCode
		INJECTED from src\main\AndroidManifest.xml
		INJECTED from src\main\AndroidManifest.xml
uses-permission#android.permission.INTERNET
ADDED from src\main\AndroidManifest.xml:5:5-66
MERGED from [com.google.android.gms:play-services-maps:8.4.0] AndroidManifest.xml:21:5-66
MERGED from [com.google.android.gms:play-services-maps:8.4.0] AndroidManifest.xml:21:5-66
	android:name
		ADDED from src\main\AndroidManifest.xml:5:22-64
uses-permission#android.permission.ACCESS_NETWORK_STATE
ADDED from src\main\AndroidManifest.xml:6:5-78
MERGED from [com.google.android.gms:play-services-maps:8.4.0] AndroidManifest.xml:20:5-78
MERGED from [com.google.android.gms:play-services-maps:8.4.0] AndroidManifest.xml:20:5-78
	android:name
		ADDED from src\main\AndroidManifest.xml:6:22-76
permission#com.example.mapdemo.permission.MAPS_RECEIVE
ADDED from src\main\AndroidManifest.xml:8:5-10:50
	android:protectionLevel
		ADDED from src\main\AndroidManifest.xml:10:13-48
	android:name
		ADDED from src\main\AndroidManifest.xml:9:13-71
permission#android.permission.ACCESS_FINE_LOCATION
ADDED from src\main\AndroidManifest.xml:11:5-13:50
	android:protectionLevel
		ADDED from src\main\AndroidManifest.xml:13:13-48
	android:name
		ADDED from src\main\AndroidManifest.xml:12:13-67
permission#android.permission.ACCESS_COARSE_LOCATION
ADDED from src\main\AndroidManifest.xml:14:5-16:50
	android:protectionLevel
		ADDED from src\main\AndroidManifest.xml:16:13-48
	android:name
		ADDED from src\main\AndroidManifest.xml:15:13-69
uses-permission#com.example.mapdemo.permission.MAPS_RECEIVE
ADDED from src\main\AndroidManifest.xml:18:5-82
	android:name
		ADDED from src\main\AndroidManifest.xml:18:22-80
uses-permission#android.permission.WRITE_EXTERNAL_STORAGE
ADDED from src\main\AndroidManifest.xml:20:5-80
	android:name
		ADDED from src\main\AndroidManifest.xml:20:22-78
uses-permission#com.google.android.providers.gsf.permission.READ_GSERVICES
ADDED from src\main\AndroidManifest.xml:21:5-97
	android:name
		ADDED from src\main\AndroidManifest.xml:21:22-95
uses-permission#android.permission.ACCESS_FINE_LOCATION
ADDED from src\main\AndroidManifest.xml:22:5-78
	android:name
		ADDED from src\main\AndroidManifest.xml:22:22-76
uses-permission#android.permission.ACCESS_COARSE_LOCATION
ADDED from src\main\AndroidManifest.xml:23:5-80
	android:name
		ADDED from src\main\AndroidManifest.xml:23:22-78
uses-permission#android.permission.READ_PHONE_STATE
ADDED from src\main\AndroidManifest.xml:24:5-74
	android:name
		ADDED from src\main\AndroidManifest.xml:24:22-72
uses-permission#android.permission.READ_EXTERNAL_STORAGE
ADDED from src\main\AndroidManifest.xml:25:5-79
	android:name
		ADDED from src\main\AndroidManifest.xml:25:22-77
uses-feature#0x00020000
ADDED from src\main\AndroidManifest.xml:27:5-29:38
MERGED from [com.google.android.gms:play-services-maps:8.4.0] AndroidManifest.xml:22:5-24:33
MERGED from [com.google.android.gms:play-services-maps:8.4.0] AndroidManifest.xml:22:5-24:33
	android:required
		ADDED from src\main\AndroidManifest.xml:29:13-36
	android:glEsVersion
		ADDED from src\main\AndroidManifest.xml:28:13-45
application
ADDED from src\main\AndroidManifest.xml:31:5-85:19
MERGED from [com.android.support:appcompat-v7:23.1.1] AndroidManifest.xml:22:5-20
MERGED from [com.android.support:support-v4:23.1.1] AndroidManifest.xml:22:5-20
MERGED from [com.android.support:design:23.1.1] AndroidManifest.xml:22:5-20
MERGED from [com.android.support:appcompat-v7:23.1.1] AndroidManifest.xml:22:5-20
MERGED from [com.android.support:support-v4:23.1.1] AndroidManifest.xml:22:5-20
MERGED from [com.android.support:support-v4:23.1.1] AndroidManifest.xml:22:5-20
MERGED from [com.android.support:support-v4:23.1.1] AndroidManifest.xml:22:5-20
MERGED from [com.facebook.android:facebook-android-sdk:4.7.0] AndroidManifest.xml:28:5-20
MERGED from [com.android.support:support-v4:23.1.1] AndroidManifest.xml:22:5-20
MERGED from [com.parse:parsefacebookutils-v4-android:1.10.3] AndroidManifest.xml:20:5-20
MERGED from [de.hdodenhof:circleimageview:2.0.0] AndroidManifest.xml:9:5-20
MERGED from [com.android.support:support-v4:23.1.1] AndroidManifest.xml:22:5-20
MERGED from [com.android.support:cardview-v7:23.1.1] AndroidManifest.xml:22:5-20
MERGED from [com.android.support:appcompat-v7:23.1.1] AndroidManifest.xml:22:5-20
MERGED from [com.android.support:support-v4:23.1.1] AndroidManifest.xml:22:5-20
MERGED from [com.android.support:support-v4:23.1.1] AndroidManifest.xml:22:5-20
MERGED from [com.google.android.gms:play-services-maps:8.4.0] AndroidManifest.xml:27:5-20
MERGED from [com.google.android.gms:play-services-basement:8.4.0] AndroidManifest.xml:20:5-24:19
MERGED from [com.android.support:support-v4:23.1.1] AndroidManifest.xml:22:5-20
MERGED from [com.google.android.gms:play-services-location:8.4.0] AndroidManifest.xml:19:5-20
MERGED from [com.google.android.gms:play-services-basement:8.4.0] AndroidManifest.xml:20:5-24:19
MERGED from [com.android.support:support-v4:23.1.1] AndroidManifest.xml:22:5-20
MERGED from [com.google.android.gms:play-services-maps:8.4.0] AndroidManifest.xml:27:5-20
MERGED from [com.google.android.gms:play-services-basement:8.4.0] AndroidManifest.xml:20:5-24:19
MERGED from [com.android.support:support-v4:23.1.1] AndroidManifest.xml:22:5-20
MERGED from [com.android.support:support-v4:23.1.1] AndroidManifest.xml:22:5-20
MERGED from [com.sothree.slidinguppanel:library:3.2.1] AndroidManifest.xml:9:5-20
MERGED from [com.android.support:support-v4:23.1.1] AndroidManifest.xml:22:5-20
MERGED from [com.android.support:support-v4:23.1.1] AndroidManifest.xml:22:5-20
	android:supportsRtl
		ADDED from src\main\AndroidManifest.xml:36:13-39
	android:label
		ADDED from src\main\AndroidManifest.xml:35:13-45
	android:allowBackup
		ADDED from src\main\AndroidManifest.xml:33:13-39
	android:icon
		ADDED from src\main\AndroidManifest.xml:34:13-47
	android:theme
		ADDED from src\main\AndroidManifest.xml:37:13-44
	android:name
		ADDED from src\main\AndroidManifest.xml:32:13-45
meta-data#com.facebook.sdk.ApplicationId
ADDED from src\main\AndroidManifest.xml:38:9-40:58
	android:name
		ADDED from src\main\AndroidManifest.xml:39:17-62
	android:value
		ADDED from src\main\AndroidManifest.xml:40:17-56
meta-data#com.parse.APPLICATION_ID
ADDED from src\main\AndroidManifest.xml:41:9-43:55
	android:name
		ADDED from src\main\AndroidManifest.xml:42:17-56
	android:value
		ADDED from src\main\AndroidManifest.xml:43:17-53
meta-data#com.parse.CLIENT_KEY
ADDED from src\main\AndroidManifest.xml:44:9-46:59
	android:name
		ADDED from src\main\AndroidManifest.xml:45:17-52
	android:value
		ADDED from src\main\AndroidManifest.xml:46:17-57
activity#com.facebook.FacebookActivity
ADDED from src\main\AndroidManifest.xml:48:9-52:78
	android:label
		ADDED from src\main\AndroidManifest.xml:51:17-49
	android:configChanges
		ADDED from src\main\AndroidManifest.xml:50:17-100
	android:theme
		ADDED from src\main\AndroidManifest.xml:52:17-76
	android:name
		ADDED from src\main\AndroidManifest.xml:49:17-61
activity#design.semicolon.modarenta.activities.LoginActivity
ADDED from src\main\AndroidManifest.xml:53:9-57:20
	android:label
		ADDED from src\main\AndroidManifest.xml:55:17-49
	android:theme
		ADDED from src\main\AndroidManifest.xml:56:17-60
	android:name
		ADDED from src\main\AndroidManifest.xml:54:17-57
activity#design.semicolon.modarenta.activities.HomeAcvtivity
ADDED from src\main\AndroidManifest.xml:58:9-62:20
	android:label
		ADDED from src\main\AndroidManifest.xml:60:17-49
	android:theme
		ADDED from src\main\AndroidManifest.xml:61:17-60
	android:name
		ADDED from src\main\AndroidManifest.xml:59:17-57
uses-library#com.google.android.maps
ADDED from src\main\AndroidManifest.xml:64:9-66:42
	android:required
		ADDED from src\main\AndroidManifest.xml:66:17-40
	android:name
		ADDED from src\main\AndroidManifest.xml:65:17-55
meta-data#com.google.android.maps.v2.API_KEY
ADDED from src\main\AndroidManifest.xml:68:9-70:74
	android:name
		ADDED from src\main\AndroidManifest.xml:69:17-66
	android:value
		ADDED from src\main\AndroidManifest.xml:70:17-72
meta-data#com.google.android.gms.version
ADDED from src\main\AndroidManifest.xml:71:9-73:72
MERGED from [com.google.android.gms:play-services-basement:8.4.0] AndroidManifest.xml:21:9-23:69
MERGED from [com.google.android.gms:play-services-basement:8.4.0] AndroidManifest.xml:21:9-23:69
MERGED from [com.google.android.gms:play-services-basement:8.4.0] AndroidManifest.xml:21:9-23:69
	android:name
		ADDED from src\main\AndroidManifest.xml:72:17-62
	android:value
		ADDED from src\main\AndroidManifest.xml:73:17-70
activity#design.semicolon.modarenta.activities.MapFullScreenActivity
ADDED from src\main\AndroidManifest.xml:75:9-77:20
	android:name
		ADDED from src\main\AndroidManifest.xml:75:19-67
activity#design.semicolon.modarenta.activities.MainActivity
ADDED from src\main\AndroidManifest.xml:78:9-84:20
	android:name
		ADDED from src\main\AndroidManifest.xml:78:19-58
intent-filter#android.intent.action.MAIN+android.intent.category.LAUNCHER
ADDED from src\main\AndroidManifest.xml:79:13-83:29
action#android.intent.action.MAIN
ADDED from src\main\AndroidManifest.xml:80:17-68
	android:name
		ADDED from src\main\AndroidManifest.xml:80:25-66
category#android.intent.category.LAUNCHER
ADDED from src\main\AndroidManifest.xml:82:17-76
	android:name
		ADDED from src\main\AndroidManifest.xml:82:27-74
uses-sdk
INJECTED from src\main\AndroidManifest.xml reason: use-sdk injection requested
MERGED from [com.android.support:appcompat-v7:23.1.1] AndroidManifest.xml:20:5-43
MERGED from [com.android.support:support-v4:23.1.1] AndroidManifest.xml:20:5-43
MERGED from [com.android.support:design:23.1.1] AndroidManifest.xml:20:5-43
MERGED from [com.android.support:appcompat-v7:23.1.1] AndroidManifest.xml:20:5-43
MERGED from [com.android.support:support-v4:23.1.1] AndroidManifest.xml:20:5-43
MERGED from [com.android.support:recyclerview-v7:23.1.1] AndroidManifest.xml:20:5-43
MERGED from [com.android.support:support-v4:23.1.1] AndroidManifest.xml:20:5-43
MERGED from [com.android.support:support-v4:23.1.1] AndroidManifest.xml:20:5-43
MERGED from [com.facebook.android:facebook-android-sdk:4.7.0] AndroidManifest.xml:24:5-26:41
MERGED from [com.android.support:support-v4:23.1.1] AndroidManifest.xml:20:5-43
MERGED from [com.parse:parsefacebookutils-v4-android:1.10.3] AndroidManifest.xml:16:5-18:41
MERGED from [de.hdodenhof:circleimageview:2.0.0] AndroidManifest.xml:5:5-7:41
MERGED from [com.android.support:recyclerview-v7:23.1.1] AndroidManifest.xml:20:5-43
MERGED from [com.android.support:support-v4:23.1.1] AndroidManifest.xml:20:5-43
MERGED from [com.android.support:cardview-v7:23.1.1] AndroidManifest.xml:20:5-43
MERGED from [jp.wasabeef:recyclerview-animators:2.2.0] AndroidManifest.xml:8:5-10:41
MERGED from [com.android.support:appcompat-v7:23.1.1] AndroidManifest.xml:20:5-43
MERGED from [com.android.support:support-v4:23.1.1] AndroidManifest.xml:20:5-43
MERGED from [com.android.support:recyclerview-v7:23.1.1] AndroidManifest.xml:20:5-43
MERGED from [com.android.support:support-v4:23.1.1] AndroidManifest.xml:20:5-43
MERGED from [com.google.android.gms:play-services-maps:8.4.0] AndroidManifest.xml:26:5-42
MERGED from [com.google.android.gms:play-services-base:8.4.0] AndroidManifest.xml:18:5-42
MERGED from [com.google.android.gms:play-services-basement:8.4.0] AndroidManifest.xml:18:5-42
MERGED from [com.android.support:support-v4:23.1.1] AndroidManifest.xml:20:5-43
MERGED from [com.google.android.gms:play-services-location:8.4.0] AndroidManifest.xml:18:5-42
MERGED from [com.google.android.gms:play-services-base:8.4.0] AndroidManifest.xml:18:5-42
MERGED from [com.google.android.gms:play-services-basement:8.4.0] AndroidManifest.xml:18:5-42
MERGED from [com.android.support:support-v4:23.1.1] AndroidManifest.xml:20:5-43
MERGED from [com.google.android.gms:play-services-maps:8.4.0] AndroidManifest.xml:26:5-42
MERGED from [com.google.android.gms:play-services-base:8.4.0] AndroidManifest.xml:18:5-42
MERGED from [com.google.android.gms:play-services-basement:8.4.0] AndroidManifest.xml:18:5-42
MERGED from [com.android.support:support-v4:23.1.1] AndroidManifest.xml:20:5-43
MERGED from [com.github.hotchemi:permissionsdispatcher:2.0.7] AndroidManifest.xml:6:5-9:55
MERGED from [com.android.support:support-v4:23.1.1] AndroidManifest.xml:20:5-43
MERGED from [com.makeramen:roundedimageview:2.2.1] AndroidManifest.xml:7:5-43
MERGED from [com.sothree.slidinguppanel:library:3.2.1] AndroidManifest.xml:7:5-43
MERGED from [com.android.support:support-v4:23.1.1] AndroidManifest.xml:20:5-43
MERGED from [com.android.support:recyclerview-v7:23.1.1] AndroidManifest.xml:20:5-43
MERGED from [com.android.support:support-v4:23.1.1] AndroidManifest.xml:20:5-43
	android:targetSdkVersion
		INJECTED from src\main\AndroidManifest.xml
		INJECTED from src\main\AndroidManifest.xml
	android:minSdkVersion
		INJECTED from src\main\AndroidManifest.xml
		INJECTED from src\main\AndroidManifest.xml
	tools:overrideLibrary
		ADDED from [com.github.hotchemi:permissionsdispatcher:2.0.7] AndroidManifest.xml:9:9-52